0 info it worked if it ends with ok
1 verbose cli [ 'node', '/home/nick/.linuxbrew/bin/npm', 'start' ]
2 info using npm@2.12.1
3 info using node@v0.10.25
4 verbose node symlink /usr/bin/node
5 verbose run-script [ 'prestart', 'start', 'poststart' ]
6 info prestart 03.fullstack@1.0.0
7 info start 03.fullstack@1.0.0
8 verbose unsafe-perm in lifecycle true
9 info 03.fullstack@1.0.0 Failed to exec start script
10 verbose stack Error: 03.fullstack@1.0.0 start: `nodemon start.js & sass --watch ../public/sass/style.sass:../public/style.css`
10 verbose stack spawn ENOENT
10 verbose stack     at ChildProcess.<anonymous> (/home/nick/.linuxbrew/lib/node_modules/npm/lib/utils/spawn.js:17:16)
10 verbose stack     at ChildProcess.EventEmitter.emit (events.js:98:17)
10 verbose stack     at maybeClose (child_process.js:743:16)
10 verbose stack     at Process.ChildProcess._handle.onexit (child_process.js:810:5)
11 verbose pkgid 03.fullstack@1.0.0
12 verbose cwd /home/nick/FullStack Academy/97.hackathons/03.fullstack
13 error Linux 3.16.0-38-generic
14 error argv "node" "/home/nick/.linuxbrew/bin/npm" "start"
15 error node v0.10.25
16 error npm  v2.12.1
17 error file sh
18 error code ELIFECYCLE
19 error errno ENOENT
20 error syscall spawn
21 error 03.fullstack@1.0.0 start: `nodemon start.js & sass --watch ../public/sass/style.sass:../public/style.css`
21 error spawn ENOENT
22 error Failed at the 03.fullstack@1.0.0 start script 'nodemon start.js & sass --watch ../public/sass/style.sass:../public/style.css'.
22 error This is most likely a problem with the 03.fullstack package,
22 error not with npm itself.
22 error Tell the author that this fails on your system:
22 error     nodemon start.js & sass --watch ../public/sass/style.sass:../public/style.css
22 error You can get their info via:
22 error     npm owner ls 03.fullstack
22 error There is likely additional logging output above.
23 verbose exit [ 1, true ]
